Release 14.7 - xst P.20131013 (nt64)
Copyright (c) 1995-2013 Xilinx, Inc.  All rights reserved.
--> Parameter TMPDIR set to xst/projnav.tmp


Total REAL time to Xst completion: 0.00 secs
Total CPU time to Xst completion: 0.11 secs
 
--> Parameter xsthdpdir set to xst


Total REAL time to Xst completion: 0.00 secs
Total CPU time to Xst completion: 0.11 secs
 
--> Reading design: control_unit_M.prj

TABLE OF CONTENTS
  1) Synthesis Options Summary
  2) HDL Parsing
  3) HDL Elaboration
  4) HDL Synthesis
       4.1) HDL Synthesis Report
  5) Advanced HDL Synthesis
       5.1) Advanced HDL Synthesis Report
  6) Low Level Synthesis
  7) Partition Report
  8) Design Summary
       8.1) Primitive and Black Box Usage
       8.2) Device utilization summary
       8.3) Partition Resource Summary
       8.4) Timing Report
            8.4.1) Clock Information
            8.4.2) Asynchronous Control Signals Information
            8.4.3) Timing Summary
            8.4.4) Timing Details
            8.4.5) Cross Clock Domains Report


=========================================================================
*                      Synthesis Options Summary                        *
=========================================================================
---- Source Parameters
Input File Name                    : "control_unit_M.prj"
Ignore Synthesis Constraint File   : NO

---- Target Parameters
Output File Name                   : "control_unit_M"
Output Format                      : NGC
Target Device                      : xc7a100t-3-csg324

---- Source Options
Top Module Name                    : control_unit_M
Automatic FSM Extraction           : YES
FSM Encoding Algorithm             : Auto
Safe Implementation                : No
FSM Style                          : LUT
RAM Extraction                     : Yes
RAM Style                          : Auto
ROM Extraction                     : Yes
Shift Register Extraction          : YES
ROM Style                          : Auto
Resource Sharing                   : YES
Asynchronous To Synchronous        : NO
Shift Register Minimum Size        : 2
Use DSP Block                      : Auto
Automatic Register Balancing       : No

---- Target Options
LUT Combining                      : Auto
Reduce Control Sets                : Auto
Add IO Buffers                     : YES
Global Maximum Fanout              : 100000
Add Generic Clock Buffer(BUFG)     : 32
Register Duplication               : YES
Optimize Instantiated Primitives   : NO
Use Clock Enable                   : Auto
Use Synchronous Set                : Auto
Use Synchronous Reset              : Auto
Pack IO Registers into IOBs        : Auto
Equivalent register Removal        : YES

---- General Options
Optimization Goal                  : Speed
Optimization Effort                : 1
Power Reduction                    : NO
Keep Hierarchy                     : No
Netlist Hierarchy                  : As_Optimized
RTL Output                         : Yes
Global Optimization                : AllClockNets
Read Cores                         : YES
Write Timing Constraints           : NO
Cross Clock Analysis               : NO
Hierarchy Separator                : /
Bus Delimiter                      : <>
Case Specifier                     : Maintain
Slice Utilization Ratio            : 100
BRAM Utilization Ratio             : 100
DSP48 Utilization Ratio            : 100
Auto BRAM Packing                  : NO
Slice Utilization Ratio Delta      : 5

=========================================================================


=========================================================================
*                          HDL Parsing                                  *
=========================================================================
Analyzing Verilog file "C:\Users\saman\Documents\Programming\SAMAB_CPU\phase 2\control_unit\control_unit_M.v" into library work
Parsing module <control_unit_M>.

=========================================================================
*                            HDL Elaboration                            *
=========================================================================

Elaborating module <control_unit_M>.
WARNING:HDLCompiler:91 - "C:\Users\saman\Documents\Programming\SAMAB_CPU\phase 2\control_unit\control_unit_M.v" Line 35: Signal <opcode> missing in the sensitivity list is added for synthesis purposes. HDL and post-synthesis simulations may differ as a result.
WARNING:HDLCompiler:91 - "C:\Users\saman\Documents\Programming\SAMAB_CPU\phase 2\control_unit\control_unit_M.v" Line 47: Signal <opcode> missing in the sensitivity list is added for synthesis purposes. HDL and post-synthesis simulations may differ as a result.
WARNING:HDLCompiler:91 - "C:\Users\saman\Documents\Programming\SAMAB_CPU\phase 2\control_unit\control_unit_M.v" Line 59: Signal <opcode> missing in the sensitivity list is added for synthesis purposes. HDL and post-synthesis simulations may differ as a result.
WARNING:HDLCompiler:91 - "C:\Users\saman\Documents\Programming\SAMAB_CPU\phase 2\control_unit\control_unit_M.v" Line 71: Signal <opcode> missing in the sensitivity list is added for synthesis purposes. HDL and post-synthesis simulations may differ as a result.

=========================================================================
*                           HDL Synthesis                               *
=========================================================================

Synthesizing Unit <control_unit_M>.
    Related source file is "C:\Users\saman\Documents\Programming\SAMAB_CPU\phase 2\control_unit\control_unit_M.v".
WARNING:Xst:647 - Input <clk> is never used. This port will be preserved and left unconnected if it belongs to a top-level block or it belongs to a sub-block and the hierarchy of this sub-block is preserved.
WARNING:Xst:737 - Found 1-bit latch for signal <branch>. Latches may be generated from incomplete case or if statements. We do not recommend the use of latches in FPGA/CPLD designs, as they may lead to timing problems.
WARNING:Xst:737 - Found 1-bit latch for signal <regdst>. Latches may be generated from incomplete case or if statements. We do not recommend the use of latches in FPGA/CPLD designs, as they may lead to timing problems.
WARNING:Xst:737 - Found 1-bit latch for signal <alusrc>. Latches may be generated from incomplete case or if statements. We do not recommend the use of latches in FPGA/CPLD designs, as they may lead to timing problems.
WARNING:Xst:737 - Found 1-bit latch for signal <regwrite>. Latches may be generated from incomplete case or if statements. We do not recommend the use of latches in FPGA/CPLD designs, as they may lead to timing problems.
WARNING:Xst:737 - Found 1-bit latch for signal <memread>. Latches may be generated from incomplete case or if statements. We do not recommend the use of latches in FPGA/CPLD designs, as they may lead to timing problems.
WARNING:Xst:737 - Found 1-bit latch for signal <memwrite>. Latches may be generated from incomplete case or if statements. We do not recommend the use of latches in FPGA/CPLD designs, as they may lead to timing problems.
    Summary:
	inferred   6 Latch(s).
	inferred   8 Multiplexer(s).
Unit <control_unit_M> synthesized.

=========================================================================
HDL Synthesis Report

Macro Statistics
# Latches                                              : 6
 1-bit latch                                           : 6
# Multiplexers                                         : 8
 1-bit 2-to-1 multiplexer                              : 8

=========================================================================

=========================================================================
*                       Advanced HDL Synthesis                          *
=========================================================================


=========================================================================
Advanced HDL Synthesis Report

Macro Statistics
# Multiplexers                                         : 8
 1-bit 2-to-1 multiplexer                              : 8

=========================================================================

=========================================================================
*                         Low Level Synthesis                           *
=========================================================================
WARNING:Xst:3001 - This design contains one or more registers or latches with an active
   asynchronous set and asynchronous reset. While this circuit can be built,
   it creates a sub-optimal implementation in terms of area, power and
   performance. For a more optimal implementation Xilinx highly recommends
   one of the following:

          1) Remove either the set or reset from all registers and latches if
             not needed for required functionality
          2) Modify the code in order to produce a synchronous set
             and/or reset (both is preferred)
          3) Use the -async_to_sync option to transform the asynchronous
             set/reset to synchronous operation
             (timing simulation highly recommended when using this option)

  Please refer to http://www.xilinx.com search string "Artix7 asynchronous set/reset" for more details.

  List of register instances with asynchronous set and reset:
    memread in unit <control_unit_M>
    regwrite in unit <control_unit_M>
    memwrite in unit <control_unit_M>
    alusrc in unit <control_unit_M>
    regdst in unit <control_unit_M>
    branch in unit <control_unit_M>


Optimizing unit <control_unit_M> ...

Mapping all equations...
Building and optimizing final netlist ...
Found area constraint ratio of 100 (+ 5) on block control_unit_M, actual ratio is 0.
Latch regdst has been replicated 1 time(s) to handle iob=true attribute.
Latch alusrc has been replicated 1 time(s) to handle iob=true attribute.
Latch branch has been replicated 1 time(s) to handle iob=true attribute.
Latch memread has been replicated 1 time(s) to handle iob=true attribute.

Final Macro Processing ...

=========================================================================
Final Register Report

Found no macro
=========================================================================

=========================================================================
*                           Partition Report                            *
=========================================================================

Partition Implementation Status
-------------------------------

  No Partitions were found in this design.

-------------------------------

=========================================================================
*                            Design Summary                             *
=========================================================================

Top Level Output File Name         : control_unit_M.ngc

Primitive and Black Box Usage:
------------------------------
# BELS                             : 25
#      GND                         : 1
#      LUT3                        : 14
#      LUT4                        : 10
# FlipFlops/Latches                : 10
#      LD                          : 10
# IO Buffers                       : 14
#      IBUF                        : 4
#      OBUF                        : 10

Device utilization summary:
---------------------------

Selected Device : 7a100tcsg324-3 


Slice Logic Utilization: 
 Number of Slice LUTs:                   24  out of  63400     0%  
    Number used as Logic:                24  out of  63400     0%  

Slice Logic Distribution: 
 Number of LUT Flip Flop pairs used:     24
   Number with an unused Flip Flop:      24  out of     24   100%  
   Number with an unused LUT:             0  out of     24     0%  
   Number of fully used LUT-FF pairs:     0  out of     24     0%  
   Number of unique control sets:         6

IO Utilization: 
 Number of IOs:                          15
 Number of bonded IOBs:                  14  out of    210     6%  
    IOB Flip Flops/Latches:              10

Specific Feature Utilization:

---------------------------
Partition Resource Summary:
---------------------------

  No Partitions were found in this design.

---------------------------


=========================================================================
Timing Report

NOTE: THESE TIMING NUMBERS ARE ONLY A SYNTHESIS ESTIMATE.
      FOR ACCURATE TIMING INFORMATION PLEASE REFER TO THE TRACE REPORT
      GENERATED AFTER PLACE-and-ROUTE.

Clock Information:
------------------
-----------------------------------+------------------------+-------+
Clock Signal                       | Clock buffer(FF name)  | Load  |
-----------------------------------+------------------------+-------+
branch_G(branch_G:O)               | NONE(*)(branch)        | 2     |
regdst_G(regdst_G:O)               | NONE(*)(regdst)        | 2     |
alusrc_G(alusrc_G:O)               | NONE(*)(alusrc)        | 2     |
memwrite_G(memwrite_G:O)           | NONE(*)(memwrite)      | 1     |
regwrite_G(regwrite_G:O)           | NONE(*)(regwrite)      | 1     |
memread_G(memread_G:O)             | NONE(*)(memread)       | 2     |
-----------------------------------+------------------------+-------+
(*) These 6 clock signal(s) are generated by combinatorial logic,
and XST is not able to identify which are the primary clock signals.
Please use the CLOCK_SIGNAL constraint to specify the clock signal(s) generated by combinatorial logic.
INFO:Xst:2169 - HDL ADVISOR - Some clock signals were not automatically buffered by XST with BUFG/BUFR resources. Please use the buffer_type constraint in order to insert these buffers to the clock signals to help prevent skew problems.

Asynchronous Control Signals Information:
----------------------------------------
No asynchronous control signals found in this design

Timing Summary:
---------------
Speed Grade: -3

   Minimum period: No path found
   Minimum input arrival time before clock: 1.317ns
   Maximum output required time after clock: 0.751ns
   Maximum combinational path delay: No path found

Timing Details:
---------------
All values displayed in nanoseconds (ns)

=========================================================================
Timing constraint: Default OFFSET IN BEFORE for Clock 'branch_G'
  Total number of paths / destination ports: 16 / 2
-------------------------------------------------------------------------
Offset:              1.317ns (Levels of Logic = 3)
  Source:            opcode<2> (PAD)
  Destination:       branch (LATCH)
  Destination Clock: branch_G falling

  Data Path: opcode<2> to branch
                                Gate     Net
    Cell:in->out      fanout   Delay   Delay  Logical Name (Net Name)
    ----------------------------------------  ------------
     IBUF:I->O            12   0.001   0.607  opcode_2_IBUF (opcode_2_IBUF)
     LUT4:I0->O            2   0.097   0.515  GND_1_o_GND_1_o_AND_2_o1 (GND_1_o_GND_1_o_AND_2_o)
     LUT3:I0->O            2   0.097   0.000  branch_D (branch_D)
     LD:D                     -0.028          branch
    ----------------------------------------
    Total                      1.317ns (0.195ns logic, 1.122ns route)
                                       (14.8% logic, 85.2% route)

=========================================================================
Timing constraint: Default OFFSET IN BEFORE for Clock 'regdst_G'
  Total number of paths / destination ports: 16 / 2
-------------------------------------------------------------------------
Offset:              1.317ns (Levels of Logic = 3)
  Source:            opcode<2> (PAD)
  Destination:       regdst (LATCH)
  Destination Clock: regdst_G falling

  Data Path: opcode<2> to regdst
                                Gate     Net
    Cell:in->out      fanout   Delay   Delay  Logical Name (Net Name)
    ----------------------------------------  ------------
     IBUF:I->O            12   0.001   0.607  opcode_2_IBUF (opcode_2_IBUF)
     LUT4:I0->O            2   0.097   0.515  GND_1_o_PWR_1_o_AND_4_o1 (GND_1_o_PWR_1_o_AND_4_o)
     LUT3:I0->O            2   0.097   0.000  regdst_D (regdst_D)
     LD:D                     -0.028          regdst
    ----------------------------------------
    Total                      1.317ns (0.195ns logic, 1.122ns route)
                                       (14.8% logic, 85.2% route)

=========================================================================
Timing constraint: Default OFFSET IN BEFORE for Clock 'alusrc_G'
  Total number of paths / destination ports: 16 / 2
-------------------------------------------------------------------------
Offset:              1.317ns (Levels of Logic = 3)
  Source:            opcode<1> (PAD)
  Destination:       alusrc (LATCH)
  Destination Clock: alusrc_G falling

  Data Path: opcode<1> to alusrc
                                Gate     Net
    Cell:in->out      fanout   Delay   Delay  Logical Name (Net Name)
    ----------------------------------------  ------------
     IBUF:I->O            12   0.001   0.607  opcode_1_IBUF (opcode_1_IBUF)
     LUT4:I0->O            2   0.097   0.515  GND_1_o_GND_1_o_AND_6_o1 (GND_1_o_GND_1_o_AND_6_o)
     LUT3:I0->O            2   0.097   0.000  alusrc_D (alusrc_D)
     LD:D                     -0.028          alusrc
    ----------------------------------------
    Total                      1.317ns (0.195ns logic, 1.122ns route)
                                       (14.8% logic, 85.2% route)

=========================================================================
Timing constraint: Default OFFSET IN BEFORE for Clock 'memwrite_G'
  Total number of paths / destination ports: 8 / 1
-------------------------------------------------------------------------
Offset:              1.317ns (Levels of Logic = 3)
  Source:            opcode<2> (PAD)
  Destination:       memwrite (LATCH)
  Destination Clock: memwrite_G falling

  Data Path: opcode<2> to memwrite
                                Gate     Net
    Cell:in->out      fanout   Delay   Delay  Logical Name (Net Name)
    ----------------------------------------  ------------
     IBUF:I->O            12   0.001   0.607  opcode_2_IBUF (opcode_2_IBUF)
     LUT4:I0->O            2   0.097   0.515  GND_1_o_GND_1_o_AND_14_o1 (GND_1_o_GND_1_o_AND_14_o)
     LUT3:I0->O            1   0.097   0.000  memwrite_D (memwrite_D)
     LD:D                     -0.028          memwrite
    ----------------------------------------
    Total                      1.317ns (0.195ns logic, 1.122ns route)
                                       (14.8% logic, 85.2% route)

=========================================================================
Timing constraint: Default OFFSET IN BEFORE for Clock 'regwrite_G'
  Total number of paths / destination ports: 6 / 1
-------------------------------------------------------------------------
Offset:              1.272ns (Levels of Logic = 3)
  Source:            opcode<2> (PAD)
  Destination:       regwrite (LATCH)
  Destination Clock: regwrite_G falling

  Data Path: opcode<2> to regwrite
                                Gate     Net
    Cell:in->out      fanout   Delay   Delay  Logical Name (Net Name)
    ----------------------------------------  ------------
     IBUF:I->O            12   0.001   0.562  opcode_2_IBUF (opcode_2_IBUF)
     LUT3:I0->O            2   0.097   0.515  GND_1_o_GND_1_o_AND_10_o11 (GND_1_o_GND_1_o_AND_10_o1)
     LUT3:I0->O            1   0.097   0.000  regwrite_D (regwrite_D)
     LD:D                     -0.028          regwrite
    ----------------------------------------
    Total                      1.272ns (0.195ns logic, 1.077ns route)
                                       (15.3% logic, 84.7% route)

=========================================================================
Timing constraint: Default OFFSET IN BEFORE for Clock 'memread_G'
  Total number of paths / destination ports: 16 / 2
-------------------------------------------------------------------------
Offset:              1.317ns (Levels of Logic = 3)
  Source:            opcode<2> (PAD)
  Destination:       memread (LATCH)
  Destination Clock: memread_G falling

  Data Path: opcode<2> to memread
                                Gate     Net
    Cell:in->out      fanout   Delay   Delay  Logical Name (Net Name)
    ----------------------------------------  ------------
     IBUF:I->O            12   0.001   0.607  opcode_2_IBUF (opcode_2_IBUF)
     LUT4:I0->O            2   0.097   0.515  GND_1_o_GND_1_o_AND_10_o1 (GND_1_o_GND_1_o_AND_10_o)
     LUT3:I0->O            2   0.097   0.000  memread_D (memread_D)
     LD:D                     -0.028          memread
    ----------------------------------------
    Total                      1.317ns (0.195ns logic, 1.122ns route)
                                       (14.8% logic, 85.2% route)

=========================================================================
Timing constraint: Default OFFSET OUT AFTER for Clock 'regdst_G'
  Total number of paths / destination ports: 2 / 2
-------------------------------------------------------------------------
Offset:              0.751ns (Levels of Logic = 1)
  Source:            regdst_1 (LATCH)
  Destination:       aluop<2> (PAD)
  Source Clock:      regdst_G falling

  Data Path: regdst_1 to aluop<2>
                                Gate     Net
    Cell:in->out      fanout   Delay   Delay  Logical Name (Net Name)
    ----------------------------------------  ------------
     LD:G->Q               1   0.472   0.279  regdst_1 (regdst_1)
     OBUF:I->O                 0.000          aluop_2_OBUF (aluop<2>)
    ----------------------------------------
    Total                      0.751ns (0.472ns logic, 0.279ns route)
                                       (62.8% logic, 37.2% route)

=========================================================================
Timing constraint: Default OFFSET OUT AFTER for Clock 'alusrc_G'
  Total number of paths / destination ports: 2 / 2
-------------------------------------------------------------------------
Offset:              0.751ns (Levels of Logic = 1)
  Source:            alusrc_1 (LATCH)
  Destination:       aluop<1> (PAD)
  Source Clock:      alusrc_G falling

  Data Path: alusrc_1 to aluop<1>
                                Gate     Net
    Cell:in->out      fanout   Delay   Delay  Logical Name (Net Name)
    ----------------------------------------  ------------
     LD:G->Q               1   0.472   0.279  alusrc_1 (alusrc_1)
     OBUF:I->O                 0.000          aluop_1_OBUF (aluop<1>)
    ----------------------------------------
    Total                      0.751ns (0.472ns logic, 0.279ns route)
                                       (62.8% logic, 37.2% route)

=========================================================================
Timing constraint: Default OFFSET OUT AFTER for Clock 'branch_G'
  Total number of paths / destination ports: 2 / 2
-------------------------------------------------------------------------
Offset:              0.751ns (Levels of Logic = 1)
  Source:            branch_1 (LATCH)
  Destination:       aluop<0> (PAD)
  Source Clock:      branch_G falling

  Data Path: branch_1 to aluop<0>
                                Gate     Net
    Cell:in->out      fanout   Delay   Delay  Logical Name (Net Name)
    ----------------------------------------  ------------
     LD:G->Q               1   0.472   0.279  branch_1 (branch_1)
     OBUF:I->O                 0.000          aluop_0_OBUF (aluop<0>)
    ----------------------------------------
    Total                      0.751ns (0.472ns logic, 0.279ns route)
                                       (62.8% logic, 37.2% route)

=========================================================================
Timing constraint: Default OFFSET OUT AFTER for Clock 'regwrite_G'
  Total number of paths / destination ports: 1 / 1
-------------------------------------------------------------------------
Offset:              0.751ns (Levels of Logic = 1)
  Source:            regwrite (LATCH)
  Destination:       regwrite (PAD)
  Source Clock:      regwrite_G falling

  Data Path: regwrite to regwrite
                                Gate     Net
    Cell:in->out      fanout   Delay   Delay  Logical Name (Net Name)
    ----------------------------------------  ------------
     LD:G->Q               1   0.472   0.279  regwrite (regwrite_OBUF)
     OBUF:I->O                 0.000          regwrite_OBUF (regwrite)
    ----------------------------------------
    Total                      0.751ns (0.472ns logic, 0.279ns route)
                                       (62.8% logic, 37.2% route)

=========================================================================
Timing constraint: Default OFFSET OUT AFTER for Clock 'memread_G'
  Total number of paths / destination ports: 2 / 2
-------------------------------------------------------------------------
Offset:              0.751ns (Levels of Logic = 1)
  Source:            memread_1 (LATCH)
  Destination:       memread (PAD)
  Source Clock:      memread_G falling

  Data Path: memread_1 to memread
                                Gate     Net
    Cell:in->out      fanout   Delay   Delay  Logical Name (Net Name)
    ----------------------------------------  ------------
     LD:G->Q               1   0.472   0.279  memread_1 (memread_1)
     OBUF:I->O                 0.000          memread_OBUF (memread)
    ----------------------------------------
    Total                      0.751ns (0.472ns logic, 0.279ns route)
                                       (62.8% logic, 37.2% route)

=========================================================================
Timing constraint: Default OFFSET OUT AFTER for Clock 'memwrite_G'
  Total number of paths / destination ports: 1 / 1
-------------------------------------------------------------------------
Offset:              0.751ns (Levels of Logic = 1)
  Source:            memwrite (LATCH)
  Destination:       memwrite (PAD)
  Source Clock:      memwrite_G falling

  Data Path: memwrite to memwrite
                                Gate     Net
    Cell:in->out      fanout   Delay   Delay  Logical Name (Net Name)
    ----------------------------------------  ------------
     LD:G->Q               1   0.472   0.279  memwrite (memwrite_OBUF)
     OBUF:I->O                 0.000          memwrite_OBUF (memwrite)
    ----------------------------------------
    Total                      0.751ns (0.472ns logic, 0.279ns route)
                                       (62.8% logic, 37.2% route)

=========================================================================

Cross Clock Domains Report:
--------------------------

=========================================================================


Total REAL time to Xst completion: 8.00 secs
Total CPU time to Xst completion: 8.38 secs
 
--> 

Total memory usage is 4617556 kilobytes

Number of errors   :    0 (   0 filtered)
Number of warnings :   12 (   0 filtered)
Number of infos    :    1 (   0 filtered)

